2012/06/22 14:34:19 [error] [exception.CHttpException.404] exception 'CHttpException' with message 'Unable to resolve the request "gii".' in /var/www/yii/framework/web/CWebApplication.php:280
Stack trace:
#0 /var/www/yii/framework/web/CWebApplication.php(135): CWebApplication->runController('gii')
#1 /var/www/yii/framework/base/CApplication.php(162): CWebApplication->processRequest()
#2 /var/www/yii/yii/index.php(13): CApplication->run()
#3 {main}
REQUEST_URI=/yii/yii/index.php?r=gii
---
2012/06/22 14:34:41 [error] [exception.CHttpException.404] exception 'CHttpException' with message 'Unable to resolve the request "gii".' in /var/www/yii/framework/web/CWebApplication.php:280
Stack trace:
#0 /var/www/yii/framework/web/CWebApplication.php(135): CWebApplication->runController('gii')
#1 /var/www/yii/framework/base/CApplication.php(162): CWebApplication->processRequest()
#2 /var/www/yii/yii/index.php(13): CApplication->run()
#3 {main}
REQUEST_URI=/yii/yii/index.php?r=gii
---
2012/06/22 14:37:33 [error] [exception.CDbException] exception 'CDbException' with message 'CDbConnection failed to open the DB connection: could not find driver' in /var/www/yii/framework/db/CDbConnection.php:382
Stack trace:
#0 /var/www/yii/framework/db/CDbConnection.php(331): CDbConnection->open()
#1 /var/www/yii/framework/db/CDbConnection.php(309): CDbConnection->setActive(true)
#2 /var/www/yii/framework/base/CModule.php(388): CDbConnection->init()
#3 /var/www/yii/framework/base/CModule.php(104): CModule->getComponent('db')
#4 /var/www/yii/framework/gii/generators/model/ModelCode.php(54): CModule->__get('db')
#5 /var/www/yii/framework/web/CFormModel.php(40): ModelCode->init()
#6 /var/www/yii/framework/gii/CCodeGenerator.php(152): CFormModel->__construct()
#7 /var/www/yii/framework/gii/CCodeGenerator.php(64): CCodeGenerator->prepare()
#8 /var/www/yii/framework/web/actions/CInlineAction.php(50): CCodeGenerator->actionIndex()
#9 /var/www/yii/framework/web/CController.php(309): CInlineAction->runWithParams(Array)
#10 /var/www/yii/framework/web/CController.php(287): CController->runAction(Object(CInlineAction))
#11 /var/www/yii/framework/web/CController.php(266): CController->runActionWithFilters(Object(CInlineAction), Array)
#12 /var/www/yii/framework/web/CWebApplication.php(276): CController->run('')
#13 /var/www/yii/framework/web/CWebApplication.php(135): CWebApplication->runController('gii/model')
#14 /var/www/yii/framework/base/CApplication.php(162): CWebApplication->processRequest()
#15 /var/www/yii/yii/index.php(13): CApplication->run()
#16 {main}
REQUEST_URI=/yii/yii/index.php?r=gii/model
HTTP_REFERER=http://localhost/yii/yii/index.php?r=gii/default/index
---
2012/06/22 14:37:47 [error] [exception.CDbException] exception 'CDbException' with message 'CDbConnection failed to open the DB connection: could not find driver' in /var/www/yii/framework/db/CDbConnection.php:382
Stack trace:
#0 /var/www/yii/framework/db/CDbConnection.php(331): CDbConnection->open()
#1 /var/www/yii/framework/db/CDbConnection.php(309): CDbConnection->setActive(true)
#2 /var/www/yii/framework/base/CModule.php(388): CDbConnection->init()
#3 /var/www/yii/framework/base/CModule.php(104): CModule->getComponent('db')
#4 /var/www/yii/framework/gii/generators/model/ModelCode.php(54): CModule->__get('db')
#5 /var/www/yii/framework/web/CFormModel.php(40): ModelCode->init()
#6 /var/www/yii/framework/gii/CCodeGenerator.php(152): CFormModel->__construct()
#7 /var/www/yii/framework/gii/CCodeGenerator.php(64): CCodeGenerator->prepare()
#8 /var/www/yii/framework/web/actions/CInlineAction.php(50): CCodeGenerator->actionIndex()
#9 /var/www/yii/framework/web/CController.php(309): CInlineAction->runWithParams(Array)
#10 /var/www/yii/framework/web/CController.php(287): CController->runAction(Object(CInlineAction))
#11 /var/www/yii/framework/web/CController.php(266): CController->runActionWithFilters(Object(CInlineAction), Array)
#12 /var/www/yii/framework/web/CWebApplication.php(276): CController->run('')
#13 /var/www/yii/framework/web/CWebApplication.php(135): CWebApplication->runController('gii/model')
#14 /var/www/yii/framework/base/CApplication.php(162): CWebApplication->processRequest()
#15 /var/www/yii/yii/index.php(13): CApplication->run()
#16 {main}
REQUEST_URI=/yii/yii/index.php?r=gii/model
---
2012/06/22 14:38:10 [error] [exception.CDbException] exception 'CDbException' with message 'CDbConnection failed to open the DB connection: could not find driver' in /var/www/yii/framework/db/CDbConnection.php:382
Stack trace:
#0 /var/www/yii/framework/db/CDbConnection.php(331): CDbConnection->open()
#1 /var/www/yii/framework/db/CDbConnection.php(309): CDbConnection->setActive(true)
#2 /var/www/yii/framework/base/CModule.php(388): CDbConnection->init()
#3 /var/www/yii/framework/base/CModule.php(104): CModule->getComponent('db')
#4 /var/www/yii/framework/gii/generators/model/ModelCode.php(54): CModule->__get('db')
#5 /var/www/yii/framework/web/CFormModel.php(40): ModelCode->init()
#6 /var/www/yii/framework/gii/CCodeGenerator.php(152): CFormModel->__construct()
#7 /var/www/yii/framework/gii/CCodeGenerator.php(64): CCodeGenerator->prepare()
#8 /var/www/yii/framework/web/actions/CInlineAction.php(50): CCodeGenerator->actionIndex()
#9 /var/www/yii/framework/web/CController.php(309): CInlineAction->runWithParams(Array)
#10 /var/www/yii/framework/web/CController.php(287): CController->runAction(Object(CInlineAction))
#11 /var/www/yii/framework/web/CController.php(266): CController->runActionWithFilters(Object(CInlineAction), Array)
#12 /var/www/yii/framework/web/CWebApplication.php(276): CController->run('')
#13 /var/www/yii/framework/web/CWebApplication.php(135): CWebApplication->runController('gii/model')
#14 /var/www/yii/framework/base/CApplication.php(162): CWebApplication->processRequest()
#15 /var/www/yii/yii/index.php(13): CApplication->run()
#16 {main}
REQUEST_URI=/yii/yii/index.php?r=gii/model
---
2012/06/22 14:38:11 [error] [exception.CDbException] exception 'CDbException' with message 'CDbConnection failed to open the DB connection: could not find driver' in /var/www/yii/framework/db/CDbConnection.php:382
Stack trace:
#0 /var/www/yii/framework/db/CDbConnection.php(331): CDbConnection->open()
#1 /var/www/yii/framework/db/CDbConnection.php(309): CDbConnection->setActive(true)
#2 /var/www/yii/framework/base/CModule.php(388): CDbConnection->init()
#3 /var/www/yii/framework/base/CModule.php(104): CModule->getComponent('db')
#4 /var/www/yii/framework/gii/generators/model/ModelCode.php(54): CModule->__get('db')
#5 /var/www/yii/framework/web/CFormModel.php(40): ModelCode->init()
#6 /var/www/yii/framework/gii/CCodeGenerator.php(152): CFormModel->__construct()
#7 /var/www/yii/framework/gii/CCodeGenerator.php(64): CCodeGenerator->prepare()
#8 /var/www/yii/framework/web/actions/CInlineAction.php(50): CCodeGenerator->actionIndex()
#9 /var/www/yii/framework/web/CController.php(309): CInlineAction->runWithParams(Array)
#10 /var/www/yii/framework/web/CController.php(287): CController->runAction(Object(CInlineAction))
#11 /var/www/yii/framework/web/CController.php(266): CController->runActionWithFilters(Object(CInlineAction), Array)
#12 /var/www/yii/framework/web/CWebApplication.php(276): CController->run('')
#13 /var/www/yii/framework/web/CWebApplication.php(135): CWebApplication->runController('gii/model')
#14 /var/www/yii/framework/base/CApplication.php(162): CWebApplication->processRequest()
#15 /var/www/yii/yii/index.php(13): CApplication->run()
#16 {main}
REQUEST_URI=/yii/yii/index.php?r=gii/model
---
2012/06/22 14:38:11 [error] [exception.CDbException] exception 'CDbException' with message 'CDbConnection failed to open the DB connection: could not find driver' in /var/www/yii/framework/db/CDbConnection.php:382
Stack trace:
#0 /var/www/yii/framework/db/CDbConnection.php(331): CDbConnection->open()
#1 /var/www/yii/framework/db/CDbConnection.php(309): CDbConnection->setActive(true)
#2 /var/www/yii/framework/base/CModule.php(388): CDbConnection->init()
#3 /var/www/yii/framework/base/CModule.php(104): CModule->getComponent('db')
#4 /var/www/yii/framework/gii/generators/model/ModelCode.php(54): CModule->__get('db')
#5 /var/www/yii/framework/web/CFormModel.php(40): ModelCode->init()
#6 /var/www/yii/framework/gii/CCodeGenerator.php(152): CFormModel->__construct()
#7 /var/www/yii/framework/gii/CCodeGenerator.php(64): CCodeGenerator->prepare()
#8 /var/www/yii/framework/web/actions/CInlineAction.php(50): CCodeGenerator->actionIndex()
#9 /var/www/yii/framework/web/CController.php(309): CInlineAction->runWithParams(Array)
#10 /var/www/yii/framework/web/CController.php(287): CController->runAction(Object(CInlineAction))
#11 /var/www/yii/framework/web/CController.php(266): CController->runActionWithFilters(Object(CInlineAction), Array)
#12 /var/www/yii/framework/web/CWebApplication.php(276): CController->run('')
#13 /var/www/yii/framework/web/CWebApplication.php(135): CWebApplication->runController('gii/model')
#14 /var/www/yii/framework/base/CApplication.php(162): CWebApplication->processRequest()
#15 /var/www/yii/yii/index.php(13): CApplication->run()
#16 {main}
REQUEST_URI=/yii/yii/index.php?r=gii/model
---
2012/06/22 14:38:11 [error] [exception.CDbException] exception 'CDbException' with message 'CDbConnection failed to open the DB connection: could not find driver' in /var/www/yii/framework/db/CDbConnection.php:382
Stack trace:
#0 /var/www/yii/framework/db/CDbConnection.php(331): CDbConnection->open()
#1 /var/www/yii/framework/db/CDbConnection.php(309): CDbConnection->setActive(true)
#2 /var/www/yii/framework/base/CModule.php(388): CDbConnection->init()
#3 /var/www/yii/framework/base/CModule.php(104): CModule->getComponent('db')
#4 /var/www/yii/framework/gii/generators/model/ModelCode.php(54): CModule->__get('db')
#5 /var/www/yii/framework/web/CFormModel.php(40): ModelCode->init()
#6 /var/www/yii/framework/gii/CCodeGenerator.php(152): CFormModel->__construct()
#7 /var/www/yii/framework/gii/CCodeGenerator.php(64): CCodeGenerator->prepare()
#8 /var/www/yii/framework/web/actions/CInlineAction.php(50): CCodeGenerator->actionIndex()
#9 /var/www/yii/framework/web/CController.php(309): CInlineAction->runWithParams(Array)
#10 /var/www/yii/framework/web/CController.php(287): CController->runAction(Object(CInlineAction))
#11 /var/www/yii/framework/web/CController.php(266): CController->runActionWithFilters(Object(CInlineAction), Array)
#12 /var/www/yii/framework/web/CWebApplication.php(276): CController->run('')
#13 /var/www/yii/framework/web/CWebApplication.php(135): CWebApplication->runController('gii/model')
#14 /var/www/yii/framework/base/CApplication.php(162): CWebApplication->processRequest()
#15 /var/www/yii/yii/index.php(13): CApplication->run()
#16 {main}
REQUEST_URI=/yii/yii/index.php?r=gii/model
---
2012/06/22 14:38:11 [error] [exception.CDbException] exception 'CDbException' with message 'CDbConnection failed to open the DB connection: could not find driver' in /var/www/yii/framework/db/CDbConnection.php:382
Stack trace:
#0 /var/www/yii/framework/db/CDbConnection.php(331): CDbConnection->open()
#1 /var/www/yii/framework/db/CDbConnection.php(309): CDbConnection->setActive(true)
#2 /var/www/yii/framework/base/CModule.php(388): CDbConnection->init()
#3 /var/www/yii/framework/base/CModule.php(104): CModule->getComponent('db')
#4 /var/www/yii/framework/gii/generators/model/ModelCode.php(54): CModule->__get('db')
#5 /var/www/yii/framework/web/CFormModel.php(40): ModelCode->init()
#6 /var/www/yii/framework/gii/CCodeGenerator.php(152): CFormModel->__construct()
#7 /var/www/yii/framework/gii/CCodeGenerator.php(64): CCodeGenerator->prepare()
#8 /var/www/yii/framework/web/actions/CInlineAction.php(50): CCodeGenerator->actionIndex()
#9 /var/www/yii/framework/web/CController.php(309): CInlineAction->runWithParams(Array)
#10 /var/www/yii/framework/web/CController.php(287): CController->runAction(Object(CInlineAction))
#11 /var/www/yii/framework/web/CController.php(266): CController->runActionWithFilters(Object(CInlineAction), Array)
#12 /var/www/yii/framework/web/CWebApplication.php(276): CController->run('')
#13 /var/www/yii/framework/web/CWebApplication.php(135): CWebApplication->runController('gii/model')
#14 /var/www/yii/framework/base/CApplication.php(162): CWebApplication->processRequest()
#15 /var/www/yii/yii/index.php(13): CApplication->run()
#16 {main}
REQUEST_URI=/yii/yii/index.php?r=gii/model
---
2012/06/22 14:39:41 [error] [exception.CDbException] exception 'CDbException' with message 'CDbConnection failed to open the DB connection: could not find driver' in /var/www/yii/framework/db/CDbConnection.php:382
Stack trace:
#0 /var/www/yii/framework/db/CDbConnection.php(331): CDbConnection->open()
#1 /var/www/yii/framework/db/CDbConnection.php(309): CDbConnection->setActive(true)
#2 /var/www/yii/framework/base/CModule.php(388): CDbConnection->init()
#3 /var/www/yii/framework/base/CModule.php(104): CModule->getComponent('db')
#4 /var/www/yii/framework/gii/generators/model/ModelCode.php(54): CModule->__get('db')
#5 /var/www/yii/framework/web/CFormModel.php(40): ModelCode->init()
#6 /var/www/yii/framework/gii/CCodeGenerator.php(152): CFormModel->__construct()
#7 /var/www/yii/framework/gii/CCodeGenerator.php(64): CCodeGenerator->prepare()
#8 /var/www/yii/framework/web/actions/CInlineAction.php(50): CCodeGenerator->actionIndex()
#9 /var/www/yii/framework/web/CController.php(309): CInlineAction->runWithParams(Array)
#10 /var/www/yii/framework/web/CController.php(287): CController->runAction(Object(CInlineAction))
#11 /var/www/yii/framework/web/CController.php(266): CController->runActionWithFilters(Object(CInlineAction), Array)
#12 /var/www/yii/framework/web/CWebApplication.php(276): CController->run('')
#13 /var/www/yii/framework/web/CWebApplication.php(135): CWebApplication->runController('gii/model')
#14 /var/www/yii/framework/base/CApplication.php(162): CWebApplication->processRequest()
#15 /var/www/yii/yii/index.php(13): CApplication->run()
#16 {main}
REQUEST_URI=/yii/yii/index.php?r=gii/model
---
2012/06/22 14:39:43 [error] [exception.CDbException] exception 'CDbException' with message 'CDbConnection failed to open the DB connection: could not find driver' in /var/www/yii/framework/db/CDbConnection.php:382
Stack trace:
#0 /var/www/yii/framework/db/CDbConnection.php(331): CDbConnection->open()
#1 /var/www/yii/framework/db/CDbConnection.php(309): CDbConnection->setActive(true)
#2 /var/www/yii/framework/base/CModule.php(388): CDbConnection->init()
#3 /var/www/yii/framework/base/CModule.php(104): CModule->getComponent('db')
#4 /var/www/yii/framework/gii/generators/model/ModelCode.php(54): CModule->__get('db')
#5 /var/www/yii/framework/web/CFormModel.php(40): ModelCode->init()
#6 /var/www/yii/framework/gii/CCodeGenerator.php(152): CFormModel->__construct()
#7 /var/www/yii/framework/gii/CCodeGenerator.php(64): CCodeGenerator->prepare()
#8 /var/www/yii/framework/web/actions/CInlineAction.php(50): CCodeGenerator->actionIndex()
#9 /var/www/yii/framework/web/CController.php(309): CInlineAction->runWithParams(Array)
#10 /var/www/yii/framework/web/CController.php(287): CController->runAction(Object(CInlineAction))
#11 /var/www/yii/framework/web/CController.php(266): CController->runActionWithFilters(Object(CInlineAction), Array)
#12 /var/www/yii/framework/web/CWebApplication.php(276): CController->run('')
#13 /var/www/yii/framework/web/CWebApplication.php(135): CWebApplication->runController('gii/model')
#14 /var/www/yii/framework/base/CApplication.php(162): CWebApplication->processRequest()
#15 /var/www/yii/yii/index.php(13): CApplication->run()
#16 {main}
REQUEST_URI=/yii/yii/index.php?r=gii/model
---
2012/06/22 14:39:48 [error] [exception.CDbException] exception 'CDbException' with message 'CDbConnection failed to open the DB connection: could not find driver' in /var/www/yii/framework/db/CDbConnection.php:382
Stack trace:
#0 /var/www/yii/framework/db/CDbConnection.php(331): CDbConnection->open()
#1 /var/www/yii/framework/db/CDbConnection.php(309): CDbConnection->setActive(true)
#2 /var/www/yii/framework/base/CModule.php(388): CDbConnection->init()
#3 /var/www/yii/framework/base/CModule.php(104): CModule->getComponent('db')
#4 /var/www/yii/framework/gii/generators/model/ModelCode.php(54): CModule->__get('db')
#5 /var/www/yii/framework/web/CFormModel.php(40): ModelCode->init()
#6 /var/www/yii/framework/gii/CCodeGenerator.php(152): CFormModel->__construct()
#7 /var/www/yii/framework/gii/CCodeGenerator.php(64): CCodeGenerator->prepare()
#8 /var/www/yii/framework/web/actions/CInlineAction.php(50): CCodeGenerator->actionIndex()
#9 /var/www/yii/framework/web/CController.php(309): CInlineAction->runWithParams(Array)
#10 /var/www/yii/framework/web/CController.php(287): CController->runAction(Object(CInlineAction))
#11 /var/www/yii/framework/web/CController.php(266): CController->runActionWithFilters(Object(CInlineAction), Array)
#12 /var/www/yii/framework/web/CWebApplication.php(276): CController->run('')
#13 /var/www/yii/framework/web/CWebApplication.php(135): CWebApplication->runController('gii/model')
#14 /var/www/yii/framework/base/CApplication.php(162): CWebApplication->processRequest()
#15 /var/www/yii/yii/index.php(13): CApplication->run()
#16 {main}
REQUEST_URI=/yii/yii/index.php?r=gii/model
---
2012/06/22 14:39:48 [error] [exception.CDbException] exception 'CDbException' with message 'CDbConnection failed to open the DB connection: could not find driver' in /var/www/yii/framework/db/CDbConnection.php:382
Stack trace:
#0 /var/www/yii/framework/db/CDbConnection.php(331): CDbConnection->open()
#1 /var/www/yii/framework/db/CDbConnection.php(309): CDbConnection->setActive(true)
#2 /var/www/yii/framework/base/CModule.php(388): CDbConnection->init()
#3 /var/www/yii/framework/base/CModule.php(104): CModule->getComponent('db')
#4 /var/www/yii/framework/gii/generators/model/ModelCode.php(54): CModule->__get('db')
#5 /var/www/yii/framework/web/CFormModel.php(40): ModelCode->init()
#6 /var/www/yii/framework/gii/CCodeGenerator.php(152): CFormModel->__construct()
#7 /var/www/yii/framework/gii/CCodeGenerator.php(64): CCodeGenerator->prepare()
#8 /var/www/yii/framework/web/actions/CInlineAction.php(50): CCodeGenerator->actionIndex()
#9 /var/www/yii/framework/web/CController.php(309): CInlineAction->runWithParams(Array)
#10 /var/www/yii/framework/web/CController.php(287): CController->runAction(Object(CInlineAction))
#11 /var/www/yii/framework/web/CController.php(266): CController->runActionWithFilters(Object(CInlineAction), Array)
#12 /var/www/yii/framework/web/CWebApplication.php(276): CController->run('')
#13 /var/www/yii/framework/web/CWebApplication.php(135): CWebApplication->runController('gii/model')
#14 /var/www/yii/framework/base/CApplication.php(162): CWebApplication->processRequest()
#15 /var/www/yii/yii/index.php(13): CApplication->run()
#16 {main}
REQUEST_URI=/yii/yii/index.php?r=gii/model
---
2012/06/22 14:39:49 [error] [exception.CDbException] exception 'CDbException' with message 'CDbConnection failed to open the DB connection: could not find driver' in /var/www/yii/framework/db/CDbConnection.php:382
Stack trace:
#0 /var/www/yii/framework/db/CDbConnection.php(331): CDbConnection->open()
#1 /var/www/yii/framework/db/CDbConnection.php(309): CDbConnection->setActive(true)
#2 /var/www/yii/framework/base/CModule.php(388): CDbConnection->init()
#3 /var/www/yii/framework/base/CModule.php(104): CModule->getComponent('db')
#4 /var/www/yii/framework/gii/generators/model/ModelCode.php(54): CModule->__get('db')
#5 /var/www/yii/framework/web/CFormModel.php(40): ModelCode->init()
#6 /var/www/yii/framework/gii/CCodeGenerator.php(152): CFormModel->__construct()
#7 /var/www/yii/framework/gii/CCodeGenerator.php(64): CCodeGenerator->prepare()
#8 /var/www/yii/framework/web/actions/CInlineAction.php(50): CCodeGenerator->actionIndex()
#9 /var/www/yii/framework/web/CController.php(309): CInlineAction->runWithParams(Array)
#10 /var/www/yii/framework/web/CController.php(287): CController->runAction(Object(CInlineAction))
#11 /var/www/yii/framework/web/CController.php(266): CController->runActionWithFilters(Object(CInlineAction), Array)
#12 /var/www/yii/framework/web/CWebApplication.php(276): CController->run('')
#13 /var/www/yii/framework/web/CWebApplication.php(135): CWebApplication->runController('gii/model')
#14 /var/www/yii/framework/base/CApplication.php(162): CWebApplication->processRequest()
#15 /var/www/yii/yii/index.php(13): CApplication->run()
#16 {main}
REQUEST_URI=/yii/yii/index.php?r=gii/model
---
2012/06/22 14:39:49 [error] [exception.CDbException] exception 'CDbException' with message 'CDbConnection failed to open the DB connection: could not find driver' in /var/www/yii/framework/db/CDbConnection.php:382
Stack trace:
#0 /var/www/yii/framework/db/CDbConnection.php(331): CDbConnection->open()
#1 /var/www/yii/framework/db/CDbConnection.php(309): CDbConnection->setActive(true)
#2 /var/www/yii/framework/base/CModule.php(388): CDbConnection->init()
#3 /var/www/yii/framework/base/CModule.php(104): CModule->getComponent('db')
#4 /var/www/yii/framework/gii/generators/model/ModelCode.php(54): CModule->__get('db')
#5 /var/www/yii/framework/web/CFormModel.php(40): ModelCode->init()
#6 /var/www/yii/framework/gii/CCodeGenerator.php(152): CFormModel->__construct()
#7 /var/www/yii/framework/gii/CCodeGenerator.php(64): CCodeGenerator->prepare()
#8 /var/www/yii/framework/web/actions/CInlineAction.php(50): CCodeGenerator->actionIndex()
#9 /var/www/yii/framework/web/CController.php(309): CInlineAction->runWithParams(Array)
#10 /var/www/yii/framework/web/CController.php(287): CController->runAction(Object(CInlineAction))
#11 /var/www/yii/framework/web/CController.php(266): CController->runActionWithFilters(Object(CInlineAction), Array)
#12 /var/www/yii/framework/web/CWebApplication.php(276): CController->run('')
#13 /var/www/yii/framework/web/CWebApplication.php(135): CWebApplication->runController('gii/model')
#14 /var/www/yii/framework/base/CApplication.php(162): CWebApplication->processRequest()
#15 /var/www/yii/yii/index.php(13): CApplication->run()
#16 {main}
REQUEST_URI=/yii/yii/index.php?r=gii/model
---
2012/06/22 14:39:49 [error] [exception.CDbException] exception 'CDbException' with message 'CDbConnection failed to open the DB connection: could not find driver' in /var/www/yii/framework/db/CDbConnection.php:382
Stack trace:
#0 /var/www/yii/framework/db/CDbConnection.php(331): CDbConnection->open()
#1 /var/www/yii/framework/db/CDbConnection.php(309): CDbConnection->setActive(true)
#2 /var/www/yii/framework/base/CModule.php(388): CDbConnection->init()
#3 /var/www/yii/framework/base/CModule.php(104): CModule->getComponent('db')
#4 /var/www/yii/framework/gii/generators/model/ModelCode.php(54): CModule->__get('db')
#5 /var/www/yii/framework/web/CFormModel.php(40): ModelCode->init()
#6 /var/www/yii/framework/gii/CCodeGenerator.php(152): CFormModel->__construct()
#7 /var/www/yii/framework/gii/CCodeGenerator.php(64): CCodeGenerator->prepare()
#8 /var/www/yii/framework/web/actions/CInlineAction.php(50): CCodeGenerator->actionIndex()
#9 /var/www/yii/framework/web/CController.php(309): CInlineAction->runWithParams(Array)
#10 /var/www/yii/framework/web/CController.php(287): CController->runAction(Object(CInlineAction))
#11 /var/www/yii/framework/web/CController.php(266): CController->runActionWithFilters(Object(CInlineAction), Array)
#12 /var/www/yii/framework/web/CWebApplication.php(276): CController->run('')
#13 /var/www/yii/framework/web/CWebApplication.php(135): CWebApplication->runController('gii/model')
#14 /var/www/yii/framework/base/CApplication.php(162): CWebApplication->processRequest()
#15 /var/www/yii/yii/index.php(13): CApplication->run()
#16 {main}
REQUEST_URI=/yii/yii/index.php?r=gii/model
---
2012/06/22 14:39:49 [error] [exception.CDbException] exception 'CDbException' with message 'CDbConnection failed to open the DB connection: could not find driver' in /var/www/yii/framework/db/CDbConnection.php:382
Stack trace:
#0 /var/www/yii/framework/db/CDbConnection.php(331): CDbConnection->open()
#1 /var/www/yii/framework/db/CDbConnection.php(309): CDbConnection->setActive(true)
#2 /var/www/yii/framework/base/CModule.php(388): CDbConnection->init()
#3 /var/www/yii/framework/base/CModule.php(104): CModule->getComponent('db')
#4 /var/www/yii/framework/gii/generators/model/ModelCode.php(54): CModule->__get('db')
#5 /var/www/yii/framework/web/CFormModel.php(40): ModelCode->init()
#6 /var/www/yii/framework/gii/CCodeGenerator.php(152): CFormModel->__construct()
#7 /var/www/yii/framework/gii/CCodeGenerator.php(64): CCodeGenerator->prepare()
#8 /var/www/yii/framework/web/actions/CInlineAction.php(50): CCodeGenerator->actionIndex()
#9 /var/www/yii/framework/web/CController.php(309): CInlineAction->runWithParams(Array)
#10 /var/www/yii/framework/web/CController.php(287): CController->runAction(Object(CInlineAction))
#11 /var/www/yii/framework/web/CController.php(266): CController->runActionWithFilters(Object(CInlineAction), Array)
#12 /var/www/yii/framework/web/CWebApplication.php(276): CController->run('')
#13 /var/www/yii/framework/web/CWebApplication.php(135): CWebApplication->runController('gii/model')
#14 /var/www/yii/framework/base/CApplication.php(162): CWebApplication->processRequest()
#15 /var/www/yii/yii/index.php(13): CApplication->run()
#16 {main}
REQUEST_URI=/yii/yii/index.php?r=gii/model
---
2012/06/22 14:39:49 [error] [exception.CDbException] exception 'CDbException' with message 'CDbConnection failed to open the DB connection: could not find driver' in /var/www/yii/framework/db/CDbConnection.php:382
Stack trace:
#0 /var/www/yii/framework/db/CDbConnection.php(331): CDbConnection->open()
#1 /var/www/yii/framework/db/CDbConnection.php(309): CDbConnection->setActive(true)
#2 /var/www/yii/framework/base/CModule.php(388): CDbConnection->init()
#3 /var/www/yii/framework/base/CModule.php(104): CModule->getComponent('db')
#4 /var/www/yii/framework/gii/generators/model/ModelCode.php(54): CModule->__get('db')
#5 /var/www/yii/framework/web/CFormModel.php(40): ModelCode->init()
#6 /var/www/yii/framework/gii/CCodeGenerator.php(152): CFormModel->__construct()
#7 /var/www/yii/framework/gii/CCodeGenerator.php(64): CCodeGenerator->prepare()
#8 /var/www/yii/framework/web/actions/CInlineAction.php(50): CCodeGenerator->actionIndex()
#9 /var/www/yii/framework/web/CController.php(309): CInlineAction->runWithParams(Array)
#10 /var/www/yii/framework/web/CController.php(287): CController->runAction(Object(CInlineAction))
#11 /var/www/yii/framework/web/CController.php(266): CController->runActionWithFilters(Object(CInlineAction), Array)
#12 /var/www/yii/framework/web/CWebApplication.php(276): CController->run('')
#13 /var/www/yii/framework/web/CWebApplication.php(135): CWebApplication->runController('gii/model')
#14 /var/www/yii/framework/base/CApplication.php(162): CWebApplication->processRequest()
#15 /var/www/yii/yii/index.php(13): CApplication->run()
#16 {main}
REQUEST_URI=/yii/yii/index.php?r=gii/model
---
2012/06/22 15:41:34 [error] [exception.CDbException] exception 'CDbException' with message 'CDbConnection failed to open the DB connection: could not find driver' in /var/www/yii/framework/db/CDbConnection.php:382
Stack trace:
#0 /var/www/yii/framework/db/CDbConnection.php(331): CDbConnection->open()
#1 /var/www/yii/framework/db/CDbConnection.php(309): CDbConnection->setActive(true)
#2 /var/www/yii/framework/base/CModule.php(388): CDbConnection->init()
#3 /var/www/yii/framework/base/CModule.php(104): CModule->getComponent('db')
#4 /var/www/yii/framework/gii/generators/model/ModelCode.php(54): CModule->__get('db')
#5 /var/www/yii/framework/web/CFormModel.php(40): ModelCode->init()
#6 /var/www/yii/framework/gii/CCodeGenerator.php(152): CFormModel->__construct()
#7 /var/www/yii/framework/gii/CCodeGenerator.php(64): CCodeGenerator->prepare()
#8 /var/www/yii/framework/web/actions/CInlineAction.php(50): CCodeGenerator->actionIndex()
#9 /var/www/yii/framework/web/CController.php(309): CInlineAction->runWithParams(Array)
#10 /var/www/yii/framework/web/CController.php(287): CController->runAction(Object(CInlineAction))
#11 /var/www/yii/framework/web/CController.php(266): CController->runActionWithFilters(Object(CInlineAction), Array)
#12 /var/www/yii/framework/web/CWebApplication.php(276): CController->run('')
#13 /var/www/yii/framework/web/CWebApplication.php(135): CWebApplication->runController('gii/model')
#14 /var/www/yii/framework/base/CApplication.php(162): CWebApplication->processRequest()
#15 /var/www/yii/yii/index.php(13): CApplication->run()
#16 {main}
REQUEST_URI=/yii/yii/index.php?r=gii/model
HTTP_REFERER=http://localhost/yii/yii/index.php?r=gii/default/index
---
2012/06/22 15:46:27 [error] [exception.CDbException] exception 'CDbException' with message 'CDbConnection failed to open the DB connection: could not find driver' in /var/www/yii/framework/db/CDbConnection.php:382
Stack trace:
#0 /var/www/yii/framework/db/CDbConnection.php(331): CDbConnection->open()
#1 /var/www/yii/framework/db/CDbConnection.php(309): CDbConnection->setActive(true)
#2 /var/www/yii/framework/base/CModule.php(388): CDbConnection->init()
#3 /var/www/yii/framework/base/CModule.php(104): CModule->getComponent('db')
#4 /var/www/yii/framework/gii/generators/model/ModelCode.php(54): CModule->__get('db')
#5 /var/www/yii/framework/web/CFormModel.php(40): ModelCode->init()
#6 /var/www/yii/framework/gii/CCodeGenerator.php(152): CFormModel->__construct()
#7 /var/www/yii/framework/gii/CCodeGenerator.php(64): CCodeGenerator->prepare()
#8 /var/www/yii/framework/web/actions/CInlineAction.php(50): CCodeGenerator->actionIndex()
#9 /var/www/yii/framework/web/CController.php(309): CInlineAction->runWithParams(Array)
#10 /var/www/yii/framework/web/CController.php(287): CController->runAction(Object(CInlineAction))
#11 /var/www/yii/framework/web/CController.php(266): CController->runActionWithFilters(Object(CInlineAction), Array)
#12 /var/www/yii/framework/web/CWebApplication.php(276): CController->run('')
#13 /var/www/yii/framework/web/CWebApplication.php(135): CWebApplication->runController('gii/model')
#14 /var/www/yii/framework/base/CApplication.php(162): CWebApplication->processRequest()
#15 /var/www/yii/yii/index.php(13): CApplication->run()
#16 {main}
REQUEST_URI=/yii/yii/index.php?r=gii/model
HTTP_REFERER=http://localhost/yii/yii/index.php?r=gii/default/index
---
2012/06/22 15:46:28 [error] [exception.CDbException] exception 'CDbException' with message 'CDbConnection failed to open the DB connection: could not find driver' in /var/www/yii/framework/db/CDbConnection.php:382
Stack trace:
#0 /var/www/yii/framework/db/CDbConnection.php(331): CDbConnection->open()
#1 /var/www/yii/framework/db/CDbConnection.php(309): CDbConnection->setActive(true)
#2 /var/www/yii/framework/base/CModule.php(388): CDbConnection->init()
#3 /var/www/yii/framework/base/CModule.php(104): CModule->getComponent('db')
#4 /var/www/yii/framework/gii/generators/model/ModelCode.php(54): CModule->__get('db')
#5 /var/www/yii/framework/web/CFormModel.php(40): ModelCode->init()
#6 /var/www/yii/framework/gii/CCodeGenerator.php(152): CFormModel->__construct()
#7 /var/www/yii/framework/gii/CCodeGenerator.php(64): CCodeGenerator->prepare()
#8 /var/www/yii/framework/web/actions/CInlineAction.php(50): CCodeGenerator->actionIndex()
#9 /var/www/yii/framework/web/CController.php(309): CInlineAction->runWithParams(Array)
#10 /var/www/yii/framework/web/CController.php(287): CController->runAction(Object(CInlineAction))
#11 /var/www/yii/framework/web/CController.php(266): CController->runActionWithFilters(Object(CInlineAction), Array)
#12 /var/www/yii/framework/web/CWebApplication.php(276): CController->run('')
#13 /var/www/yii/framework/web/CWebApplication.php(135): CWebApplication->runController('gii/model')
#14 /var/www/yii/framework/base/CApplication.php(162): CWebApplication->processRequest()
#15 /var/www/yii/yii/index.php(13): CApplication->run()
#16 {main}
REQUEST_URI=/yii/yii/index.php?r=gii/model
HTTP_REFERER=http://localhost/yii/yii/index.php?r=gii/default/index
---
2012/06/22 16:10:37 [error] [exception.CDbException] exception 'CDbException' with message 'CDbConnection failed to open the DB connection: could not find driver' in /var/www/yii/framework/db/CDbConnection.php:382
Stack trace:
#0 /var/www/yii/framework/db/CDbConnection.php(331): CDbConnection->open()
#1 /var/www/yii/framework/db/CDbConnection.php(309): CDbConnection->setActive(true)
#2 /var/www/yii/framework/base/CModule.php(388): CDbConnection->init()
#3 /var/www/yii/framework/base/CModule.php(104): CModule->getComponent('db')
#4 /var/www/yii/framework/gii/generators/model/ModelCode.php(54): CModule->__get('db')
#5 /var/www/yii/framework/web/CFormModel.php(40): ModelCode->init()
#6 /var/www/yii/framework/gii/CCodeGenerator.php(152): CFormModel->__construct()
#7 /var/www/yii/framework/gii/CCodeGenerator.php(64): CCodeGenerator->prepare()
#8 /var/www/yii/framework/web/actions/CInlineAction.php(50): CCodeGenerator->actionIndex()
#9 /var/www/yii/framework/web/CController.php(309): CInlineAction->runWithParams(Array)
#10 /var/www/yii/framework/web/CController.php(287): CController->runAction(Object(CInlineAction))
#11 /var/www/yii/framework/web/CController.php(266): CController->runActionWithFilters(Object(CInlineAction), Array)
#12 /var/www/yii/framework/web/CWebApplication.php(276): CController->run('')
#13 /var/www/yii/framework/web/CWebApplication.php(135): CWebApplication->runController('gii/model')
#14 /var/www/yii/framework/base/CApplication.php(162): CWebApplication->processRequest()
#15 /var/www/yii/yii/index.php(13): CApplication->run()
#16 {main}
REQUEST_URI=/yii/yii/index.php?r=gii/model
---
